  Block.cpp
  Clear.cpp
C:\Users\shota\OneDrive\デスクトップ\EteamGame\EteamGame\Clear.cpp(29,48): warning C4554: '&': 演算子の優先順位に問題があります。かっこを使用して優先順位を明確にしてください
  Collision.cpp
  Enemy.cpp
C:\Users\shota\OneDrive\デスクトップ\EteamGame\EteamGame\Enemy.cpp(37,22): warning C4244: '引数': 'float' から 'int' への変換です。データが失われる可能性があります。
C:\Users\shota\OneDrive\デスクトップ\EteamGame\EteamGame\Enemy.cpp(37,15): warning C4244: '引数': 'float' から 'int' への変換です。データが失われる可能性があります。
  Game.cpp
C:\Users\shota\OneDrive\デスクトップ\EteamGame\EteamGame\Game.cpp(56,48): warning C4554: '&': 演算子の優先順位に問題があります。かっこを使用して優先順位を明確にしてください
  Goal.cpp
C:\Users\shota\OneDrive\デスクトップ\EteamGame\EteamGame\Goal.cpp(22,18): warning C4244: '引数': 'float' から 'int' への変換です。データが失われる可能性があります。
C:\Users\shota\OneDrive\デスクトップ\EteamGame\EteamGame\Goal.cpp(22,12): warning C4244: '引数': 'float' から 'int' への変換です。データが失われる可能性があります。
  main.cpp
  Mouse.cpp
C:\Users\shota\OneDrive\デスクトップ\EteamGame\EteamGame\Mouse.cpp(29,28): warning C4244: '引数': 'int' から 'float' への変換です。データが失われる可能性があります。
C:\Users\shota\OneDrive\デスクトップ\EteamGame\EteamGame\Mouse.cpp(29,16): warning C4244: '引数': 'int' から 'float' への変換です。データが失われる可能性があります。
C:\Users\shota\OneDrive\デスクトップ\EteamGame\EteamGame\Mouse.cpp(33,10): warning C4244: '=': 'int' から 'float' への変換です。データが失われる可能性があります。
C:\Users\shota\OneDrive\デスクトップ\EteamGame\EteamGame\Mouse.cpp(34,10): warning C4244: '=': 'int' から 'float' への変換です。データが失われる可能性があります。
  Over.cpp
C:\Users\shota\OneDrive\デスクトップ\EteamGame\EteamGame\Over.cpp(29,48): warning C4554: '&': 演算子の優先順位に問題があります。かっこを使用して優先順位を明確にしてください
  Player.cpp
C:\Users\shota\OneDrive\デスクトップ\EteamGame\EteamGame\Player.cpp(41,29): warning C4244: '=': '_Ty' から 'float' への変換です。データが失われる可能性があります。
          with
          [
              _Ty=int
          ]
C:\Users\shota\OneDrive\デスクトップ\EteamGame\EteamGame\Player.cpp(126,22): warning C4244: '引数': 'float' から 'int' への変換です。データが失われる可能性があります。
C:\Users\shota\OneDrive\デスクトップ\EteamGame\EteamGame\Player.cpp(126,15): warning C4244: '引数': 'float' から 'int' への変換です。データが失われる可能性があります。
C:\Users\shota\OneDrive\デスクトップ\EteamGame\EteamGame\Player.cpp(166,33): warning C4305: '初期化中': '__int64' から 'float' へ切り詰めます。
  Stage.cpp
C:\Users\shota\OneDrive\デスクトップ\EteamGame\EteamGame\Stage.cpp(197,20): warning C4244: '引数': 'float' から 'int' への変換です。データが失われる可能性があります。
C:\Users\shota\OneDrive\デスクトップ\EteamGame\EteamGame\Stage.cpp(197,13): warning C4244: '引数': 'float' から 'int' への変換です。データが失われる可能性があります。
  Title.cpp
C:\Users\shota\OneDrive\デスクトップ\EteamGame\EteamGame\Title.cpp(31,46): warning C4554: '&': 演算子の優先順位に問題があります。かっこを使用して優先順位を明確にしてください
  Ui.cpp
C:\Users\shota\OneDrive\デスクトップ\EteamGame\EteamGame\Ui.cpp(25,22): warning C4244: '引数': 'float' から 'int' への変換です。データが失われる可能性があります。
C:\Users\shota\OneDrive\デスクトップ\EteamGame\EteamGame\Ui.cpp(25,15): warning C4244: '引数': 'float' から 'int' への変換です。データが失われる可能性があります。
  コードを生成中...
  EteamGame.vcxproj -> C:\Users\shota\OneDrive\デスクトップ\EteamGame\Debug\EteamGame.exe
