e:\eteamgame\eteamgame\x64\release\vc142.pdb
e:\eteamgame\eteamgame\x64\release\ui.obj
e:\eteamgame\eteamgame\x64\release\title.obj
e:\eteamgame\eteamgame\x64\release\stage.obj
e:\eteamgame\eteamgame\x64\release\scene.obj
e:\eteamgame\eteamgame\x64\release\player.obj
e:\eteamgame\eteamgame\x64\release\over.obj
e:\eteamgame\eteamgame\x64\release\mouse.obj
e:\eteamgame\eteamgame\x64\release\missile.obj
e:\eteamgame\eteamgame\x64\release\main.obj
e:\eteamgame\eteamgame\x64\release\hit.obj
e:\eteamgame\eteamgame\x64\release\goal.obj
e:\eteamgame\eteamgame\x64\release\game.obj
e:\eteamgame\eteamgame\x64\release\collision.obj
e:\eteamgame\eteamgame\x64\release\coin.obj
e:\eteamgame\eteamgame\x64\release\clear.obj
e:\eteamgame\eteamgame\x64\release\block.obj
e:\eteamgame\x64\release\eteamgame.ipdb
e:\eteamgame\x64\release\eteamgame.iobj
e:\eteamgame\x64\release\eteamgame.exe
e:\eteamgame\x64\release\eteamgame.pdb
e:\eteamgame\eteamgame\x64\release\eteamgame.tlog\cl.command.1.tlog
e:\eteamgame\eteamgame\x64\release\eteamgame.tlog\cl.read.1.tlog
e:\eteamgame\eteamgame\x64\release\eteamgame.tlog\cl.write.1.tlog
e:\eteamgame\eteamgame\x64\release\eteamgame.tlog\eteamgame.write.1u.tlog
e:\eteamgame\eteamgame\x64\release\eteamgame.tlog\link.command.1.tlog
e:\eteamgame\eteamgame\x64\release\eteamgame.tlog\link.read.1.tlog
e:\eteamgame\eteamgame\x64\release\eteamgame.tlog\link.write.1.tlog
